[[1;34mINFO[m] Scanning for projects...
[[1;34mINFO[m] 
[[1;34mINFO[m] [1m---------------------< [0;36mcom.appsmith:appsmith-git[0;1m >----------------------[m
[[1;34mINFO[m] [1mBuilding appsmith-git 1.0-SNAPSHOT[m
[[1;34mINFO[m] [1m--------------------------------[ jar ]---------------------------------[m
Downloading from central: https://repo.maven.apache.org/maven2/com/jcraft/jsch/0.1.55/jsch-0.1.55.pom
Progress (1): 2.7/3.2 kBProgress (1): 3.2 kB                        Downloaded from central: https://repo.maven.apache.org/maven2/com/jcraft/jsch/0.1.55/jsch-0.1.55.pom (3.2 kB at 255 B/s)
Downloading from jgit-repository: https://repo.eclipse.org/content/groups/releases/org/sonatype/oss/oss-parent/6/oss-parent-6.pom
Downloading from central: https://repo.maven.apache.org/maven2/org/sonatype/oss/oss-parent/6/oss-parent-6.pom
Progress (1): 2.7/4.8 kBProgress (1): 4.8 kB                        Downloaded from central: https://repo.maven.apache.org/maven2/org/sonatype/oss/oss-parent/6/oss-parent-6.pom (4.8 kB at 529 B/s)
Downloading from jgit-repository: https://repo.eclipse.org/content/groups/releases/com/jcraft/jzlib/1.1.1/jzlib-1.1.1.pom
Downloading from central: https://repo.maven.apache.org/maven2/com/jcraft/jzlib/1.1.1/jzlib-1.1.1.pom
Progress (1): 2.7/3.1 kBProgress (1): 3.1 kB                        Downloaded from central: https://repo.maven.apache.org/maven2/com/jcraft/jzlib/1.1.1/jzlib-1.1.1.pom (3.1 kB at 366 B/s)
Downloading from jgit-repository: https://repo.eclipse.org/content/groups/releases/org/eclipse/jgit/org.eclipse.jgit.junit.ssh/5.13.0.202109080827-r/org.eclipse.jgit.junit.ssh-5.13.0.202109080827-r.pom
Progress (1): 4.0 kB                    Downloaded from jgit-repository: https://repo.eclipse.org/content/groups/releases/org/eclipse/jgit/org.eclipse.jgit.junit.ssh/5.13.0.202109080827-r/org.eclipse.jgit.junit.ssh-5.13.0.202109080827-r.pom (4.0 kB at 6.4 kB/s)
Downloading from jgit-repository: https://repo.eclipse.org/content/groups/releases/org/eclipse/jgit/org.eclipse.jgit.junit/5.13.0.202109080827-r/org.eclipse.jgit.junit-5.13.0.202109080827-r.pom
Progress (1): 3.5 kB                    Downloaded from jgit-repository: https://repo.eclipse.org/content/groups/releases/org/eclipse/jgit/org.eclipse.jgit.junit/5.13.0.202109080827-r/org.eclipse.jgit.junit-5.13.0.202109080827-r.pom (3.5 kB at 5.8 kB/s)
Downloading from jgit-repository: https://repo.eclipse.org/content/groups/releases/org/apache/sshd/sshd-osgi/2.7.0/sshd-osgi-2.7.0.pom
Downloading from central: https://repo.maven.apache.org/maven2/org/apache/sshd/sshd-osgi/2.7.0/sshd-osgi-2.7.0.pom
Progress (1): 2.7/7.6 kBProgress (1): 5.5/7.6 kBProgress (1): 7.6 kB                        Downloaded from central: https://repo.maven.apache.org/maven2/org/apache/sshd/sshd-osgi/2.7.0/sshd-osgi-2.7.0.pom (7.6 kB at 899 B/s)
Downloading from jgit-repository: https://repo.eclipse.org/content/groups/releases/org/apache/sshd/sshd/2.7.0/sshd-2.7.0.pom
Downloading from central: https://repo.maven.apache.org/maven2/org/apache/sshd/sshd/2.7.0/sshd-2.7.0.pom
Progress (1): 4.1/76 kBProgress (1): 8.2/76 kBProgress (1): 12/76 kB Progress (1): 16/76 kBProgress (1): 20/76 kBProgress (1): 25/76 kBProgress (1): 29/76 kBProgress (1): 33/76 kBProgress (1): 37/76 kBProgress (1): 41/76 kBProgress (1): 45/76 kBProgress (1): 49/76 kBProgress (1): 53/76 kBProgress (1): 57/76 kBProgress (1): 61/76 kBProgress (1): 66/76 kBProgress (1): 70/76 kBProgress (1): 74/76 kBProgress (1): 76 kB                      Downloaded from central: https://repo.maven.apache.org/maven2/org/apache/sshd/sshd/2.7.0/sshd-2.7.0.pom (76 kB at 1.2 kB/s)
Downloading from jgit-repository: https://repo.eclipse.org/content/groups/releases/org/springframework/spring-framework-bom/5.3.6/spring-framework-bom-5.3.6.pom
Downloading from central: https://repo.maven.apache.org/maven2/org/springframework/spring-framework-bom/5.3.6/spring-framework-bom-5.3.6.pom
Progress (1): 4.1/5.6 kBProgress (1): 5.6 kB                        Downloaded from central: https://repo.maven.apache.org/maven2/org/springframework/spring-framework-bom/5.3.6/spring-framework-bom-5.3.6.pom (5.6 kB at 972 B/s)
Downloading from jgit-repository: https://repo.eclipse.org/content/groups/releases/org/slf4j/jcl-over-slf4j/1.7.36/jcl-over-slf4j-1.7.36.pom
Downloading from central: https://repo.maven.apache.org/maven2/org/slf4j/jcl-over-slf4j/1.7.36/jcl-over-slf4j-1.7.36.pom
Progress (1): 1.2 kB                    Downloaded from central: https://repo.maven.apache.org/maven2/org/slf4j/jcl-over-slf4j/1.7.36/jcl-over-slf4j-1.7.36.pom (1.2 kB at 305 B/s)
Downloading from jgit-repository: https://repo.eclipse.org/content/groups/releases/org/apache/sshd/sshd-sftp/2.7.0/sshd-sftp-2.7.0.pom
Downloading from central: https://repo.maven.apache.org/maven2/org/apache/sshd/sshd-sftp/2.7.0/sshd-sftp-2.7.0.pom
Progress (1): 4.1/8.8 kBProgress (1): 8.2/8.8 kBProgress (1): 8.8 kB                        Downloaded from central: https://repo.maven.apache.org/maven2/org/apache/sshd/sshd-sftp/2.7.0/sshd-sftp-2.7.0.pom (8.8 kB at 1.0 kB/s)
Downloading from jgit-repository: https://repo.eclipse.org/content/groups/releases/org/testcontainers/testcontainers-bom/1.15.2/testcontainers-bom-1.15.2.pom
Downloading from central: https://repo.maven.apache.org/maven2/org/testcontainers/testcontainers-bom/1.15.2/testcontainers-bom-1.15.2.pom
Progress (1): 4.1/6.9 kBProgress (1): 6.9 kB                        Downloaded from central: https://repo.maven.apache.org/maven2/org/testcontainers/testcontainers-bom/1.15.2/testcontainers-bom-1.15.2.pom (6.9 kB at 836 B/s)
Downloading from jgit-repository: https://repo.eclipse.org/content/groups/releases/org/apache/sshd/sshd-core/2.7.0/sshd-core-2.7.0.pom
Downloading from central: https://repo.maven.apache.org/maven2/org/apache/sshd/sshd-core/2.7.0/sshd-core-2.7.0.pom
Progress (1): 4.1/9.7 kBProgress (1): 8.2/9.7 kBProgress (1): 9.7 kB                        Downloaded from central: https://repo.maven.apache.org/maven2/org/apache/sshd/sshd-core/2.7.0/sshd-core-2.7.0.pom (9.7 kB at 461 B/s)
Downloading from jgit-repository: https://repo.eclipse.org/content/groups/releases/org/apache/sshd/sshd-common/2.7.0/sshd-common-2.7.0.pom
Downloading from central: https://repo.maven.apache.org/maven2/org/apache/sshd/sshd-common/2.7.0/sshd-common-2.7.0.pom
Progress (1): 4.1/4.7 kBProgress (1): 4.7 kB                        Downloaded from central: https://repo.maven.apache.org/maven2/org/apache/sshd/sshd-common/2.7.0/sshd-common-2.7.0.pom (4.7 kB at 3.4 kB/s)
Downloading from jgit-repository: https://repo.eclipse.org/content/groups/releases/io/projectreactor/reactor-test/3.2.11.RELEASE/reactor-test-3.2.11.RELEASE.pom
Downloading from central: https://repo.maven.apache.org/maven2/io/projectreactor/reactor-test/3.2.11.RELEASE/reactor-test-3.2.11.RELEASE.pom
Progress (1): 2.2 kB                    Downloaded from central: https://repo.maven.apache.org/maven2/io/projectreactor/reactor-test/3.2.11.RELEASE/reactor-test-3.2.11.RELEASE.pom (2.2 kB at 1.3 kB/s)
Downloading from jgit-repository: https://repo.eclipse.org/content/groups/releases/com/appsmith/interfaces/1.0-SNAPSHOT/maven-metadata.xml
Downloading from jgit-repository: https://repo.eclipse.org/content/groups/releases/com/appsmith/interfaces/1.0-SNAPSHOT/interfaces-1.0-SNAPSHOT.pom
[[1;33mWARNING[m] The POM for com.appsmith:interfaces:jar:1.0-SNAPSHOT is missing, no dependency information available
Downloading from jgit-repository: https://repo.eclipse.org/content/groups/releases/org/eclipse/jgit/org.eclipse.jgit.ssh.jsch/5.13.0.202109080827-r/org.eclipse.jgit.ssh.jsch-5.13.0.202109080827-r.jar
Downloading from jgit-repository: https://repo.eclipse.org/content/groups/releases/org/eclipse/jgit/org.eclipse.jgit.junit/5.13.0.202109080827-r/org.eclipse.jgit.junit-5.13.0.202109080827-r.jar
Downloading from jgit-repository: https://repo.eclipse.org/content/groups/releases/org/eclipse/jgit/org.eclipse.jgit.junit.ssh/5.13.0.202109080827-r/org.eclipse.jgit.junit.ssh-5.13.0.202109080827-r.jar
Downloading from jgit-repository: https://repo.eclipse.org/content/groups/releases/com/jcraft/jzlib/1.1.1/jzlib-1.1.1.jar
Downloading from jgit-repository: https://repo.eclipse.org/content/groups/releases/com/jcraft/jsch/0.1.55/jsch-0.1.55.jar
Progress (1): 4.1/39 kBProgress (1): 7.6/39 kBProgress (1): 12/39 kB Progress (1): 16/39 kBProgress (1): 20/39 kBProgress (1): 24/39 kBProgress (1): 28/39 kBProgress (1): 32/39 kBProgress (1): 36/39 kBProgress (1): 39 kB                      Downloaded from jgit-repository: https://repo.eclipse.org/content/groups/releases/org/eclipse/jgit/org.eclipse.jgit.ssh.jsch/5.13.0.202109080827-r/org.eclipse.jgit.ssh.jsch-5.13.0.202109080827-r.jar (39 kB at 41 kB/s)
Downloading from jgit-repository: https://repo.eclipse.org/content/groups/releases/org/apache/sshd/sshd-osgi/2.7.0/sshd-osgi-2.7.0.jar
Downloading from jgit-repository: https://repo.eclipse.org/content/groups/releases/org/slf4j/jcl-over-slf4j/1.7.36/jcl-over-slf4j-1.7.36.jar
Downloading from jgit-repository: https://repo.eclipse.org/content/groups/releases/org/apache/sshd/sshd-sftp/2.7.0/sshd-sftp-2.7.0.jar
Downloading from jgit-repository: https://repo.eclipse.org/content/groups/releases/org/apache/sshd/sshd-core/2.7.0/sshd-core-2.7.0.jar
Downloading from jgit-repository: https://repo.eclipse.org/content/groups/releases/org/apache/sshd/sshd-common/2.7.0/sshd-common-2.7.0.jar
Downloading from jgit-repository: https://repo.eclipse.org/content/groups/releases/io/projectreactor/reactor-test/3.2.11.RELEASE/reactor-test-3.2.11.RELEASE.jar
Progress (1): 4.1/66 kBProgress (1): 7.6/66 kBProgress (1): 12/66 kB Progress (1): 16/66 kBProgress (1): 20/66 kBProgress (1): 24/66 kBProgress (1): 28/66 kBProgress (1): 32/66 kBProgress (2): 32/66 kB | 4.1/77 kBProgress (2): 32/66 kB | 7.6/77 kBProgress (2): 32/66 kB | 12/77 kB Progress (2): 32/66 kB | 16/77 kBProgress (2): 32/66 kB | 20/77 kBProgress (2): 32/66 kB | 24/77 kBProgress (2): 32/66 kB | 28/77 kBProgress (2): 32/66 kB | 32/77 kB                                 Downloading from jgit-repository: https://repo.eclipse.org/content/groups/releases/com/appsmith/interfaces/1.0-SNAPSHOT/interfaces-1.0-SNAPSHOT.jar
Progress (2): 36/66 kB | 32/77 kBProgress (2): 40/66 kB | 32/77 kBProgress (2): 44/66 kB | 32/77 kBProgress (2): 49/66 kB | 32/77 kBProgress (2): 53/66 kB | 32/77 kBProgress (2): 57/66 kB | 32/77 kBProgress (2): 61/66 kB | 32/77 kBProgress (2): 65/66 kB | 32/77 kBProgress (2): 66 kB | 32/77 kB   Progress (2): 66 kB | 36/77 kBProgress (2): 66 kB | 40/77 kBProgress (2): 66 kB | 44/77 kBProgress (2): 66 kB | 49/77 kBProgress (2): 66 kB | 53/77 kBProgress (2): 66 kB | 57/77 kBProgress (2): 66 kB | 61/77 kBProgress (2): 66 kB | 65/77 kBProgress (2): 66 kB | 69/77 kBProgress (2): 66 kB | 73/77 kBProgress (2): 66 kB | 77 kB                              Downloaded from jgit-repository: https://repo.eclipse.org/content/groups/releases/org/eclipse/jgit/org.eclipse.jgit.junit/5.13.0.202109080827-r/org.eclipse.jgit.junit-5.13.0.202109080827-r.jar (66 kB at 34 kB/s)
Downloaded from jgit-repository: https://repo.eclipse.org/content/groups/releases/org/eclipse/jgit/org.eclipse.jgit.junit.ssh/5.13.0.202109080827-r/org.eclipse.jgit.junit.ssh-5.13.0.202109080827-r.jar (77 kB at 39 kB/s)
Downloading from central: https://repo.maven.apache.org/maven2/com/jcraft/jsch/0.1.55/jsch-0.1.55.jar
Downloading from central: https://repo.maven.apache.org/maven2/com/jcraft/jzlib/1.1.1/jzlib-1.1.1.jar
Downloading from central: https://repo.maven.apache.org/maven2/org/slf4j/jcl-over-slf4j/1.7.36/jcl-over-slf4j-1.7.36.jar
Downloading from central: https://repo.maven.apache.org/maven2/org/apache/sshd/sshd-osgi/2.7.0/sshd-osgi-2.7.0.jar
Downloading from central: https://repo.maven.apache.org/maven2/org/apache/sshd/sshd-sftp/2.7.0/sshd-sftp-2.7.0.jar
Progress (1): 4.1/283 kBProgress (1): 8.2/283 kBProgress (1): 12/283 kB Progress (1): 16/283 kBProgress (1): 20/283 kBProgress (1): 24/283 kBProgress (1): 28/283 kBProgress (1): 32/283 kBProgress (1): 36/283 kBProgress (1): 40/283 kBProgress (1): 45/283 kBProgress (1): 49/283 kBProgress (1): 53/283 kBProgress (1): 57/283 kBProgress (1): 61/283 kBProgress (1): 65/283 kBProgress (1): 69/283 kBProgress (1): 73/283 kBProgress (1): 77/283 kBProgress (1): 81/283 kBProgress (1): 85/283 kBProgress (1): 90/283 kBProgress (1): 94/283 kBProgress (1): 98/283 kBProgress (1): 102/283 kBProgress (1): 106/283 kBProgress (1): 110/283 kBProgress (1): 114/283 kBProgress (1): 118/283 kBProgress (1): 122/283 kBProgress (1): 126/283 kBProgress (1): 131/283 kBProgress (1): 135/283 kBProgress (1): 139/283 kBProgress (1): 143/283 kBProgress (1): 147/283 kBProgress (1): 151/283 kBProgress (1): 155/283 kBProgress (1): 159/283 kBProgress (1): 163/283 kBProgress (1): 167/283 kBProgress (1): 171/283 kBProgress (1): 176/283 kBProgress (1): 180/283 kBProgress (1): 184/283 kBProgress (1): 188/283 kBProgress (1): 192/283 kBProgress (1): 196/283 kBProgress (1): 200/283 kBProgress (1): 204/283 kBProgress (1): 208/283 kBProgress (1): 212/283 kBProgress (1): 217/283 kBProgress (1): 221/283 kBProgress (1): 225/283 kBProgress (1): 229/283 kBProgress (1): 233/283 kBProgress (1): 237/283 kBProgress (1): 241/283 kBProgress (1): 245/283 kBProgress (1): 249/283 kBProgress (1): 253/283 kBProgress (1): 257/283 kBProgress (1): 262/283 kBProgress (1): 266/283 kBProgress (1): 270/283 kBProgress (1): 274/283 kBProgress (1): 278/283 kBProgress (1): 282/283 kBProgress (1): 283 kB                        Downloaded from central: https://repo.maven.apache.org/maven2/com/jcraft/jsch/0.1.55/jsch-0.1.55.jar (283 kB at 16 kB/s)
Downloading from central: https://repo.maven.apache.org/maven2/org/apache/sshd/sshd-core/2.7.0/sshd-core-2.7.0.jar
Progress (1): 8.2/887 kBProgress (1): 16/887 kB Progress (1): 24/887 kBProgress (1): 32/887 kBProgress (1): 40/887 kBProgress (1): 49/887 kBProgress (1): 57/887 kBProgress (1): 65/887 kBProgress (1): 73/887 kBProgress (1): 81/887 kBProgress (1): 90/887 kBProgress (1): 98/887 kBProgress (1): 106/887 kBProgress (1): 114/887 kBProgress (1): 122/887 kBProgress (1): 131/887 kBProgress (1): 139/887 kBProgress (1): 147/887 kBProgress (1): 155/887 kBProgress (1): 163/887 kBProgress (1): 171/887 kBProgress (1): 180/887 kBProgress (1): 188/887 kBProgress (1): 196/887 kBProgress (1): 204/887 kBProgress (1): 212/887 kBProgress (1): 221/887 kBProgress (1): 229/887 kBProgress (1): 237/887 kBProgress (1): 245/887 kBProgress (1): 253/887 kBProgress (1): 262/887 kBProgress (1): 270/887 kBProgress (1): 278/887 kBProgress (1): 286/887 kBProgress (1): 294/887 kBProgress (1): 303/887 kBProgress (1): 311/887 kBProgress (1): 319/887 kBProgress (1): 327/887 kBProgress (1): 335/887 kBProgress (1): 344/887 kBProgress (1): 352/887 kBProgress (1): 360/887 kBProgress (1): 368/887 kBProgress (1): 376/887 kBProgress (1): 384/887 kBProgress (1): 393/887 kBProgress (1): 401/887 kBProgress (1): 409/887 kBProgress (1): 417/887 kBProgress (1): 425/887 kBProgress (1): 434/887 kBProgress (1): 442/887 kBProgress (1): 450/887 kBProgress (1): 458/887 kBProgress (1): 466/887 kBProgress (1): 475/887 kBProgress (1): 483/887 kBProgress (1): 491/887 kBProgress (1): 499/887 kBProgress (1): 507/887 kBProgress (1): 516/887 kBProgress (1): 524/887 kBProgress (1): 532/887 kBProgress (1): 540/887 kBProgress (1): 548/887 kBProgress (1): 557/887 kBProgress (1): 565/887 kBProgress (1): 573/887 kBProgress (1): 581/887 kBProgress (1): 589/887 kBProgress (1): 597/887 kBProgress (1): 606/887 kBProgress (1): 614/887 kBProgress (1): 622/887 kBProgress (1): 630/887 kBProgress (1): 638/887 kBProgress (1): 647/887 kBProgress (1): 655/887 kBProgress (1): 663/887 kBProgress (1): 671/887 kBProgress (1): 679/887 kBProgress (1): 688/887 kBProgress (1): 696/887 kBProgress (1): 704/887 kBProgress (1): 712/887 kBProgress (1): 720/887 kBProgress (1): 729/887 kBProgress (1): 737/887 kBProgress (1): 745/887 kBProgress (1): 753/887 kBProgress (1): 761/887 kBProgress (1): 769/887 kBProgress (1): 778/887 kBProgress (1): 786/887 kBProgress (1): 794/887 kBProgress (1): 802/887 kBProgress (1): 810/887 kBProgress (1): 819/887 kBProgress (1): 827/887 kBProgress (1): 835/887 kBProgress (1): 843/887 kBProgress (1): 851/887 kBProgress (1): 860/887 kBProgress (1): 868/887 kBProgress (1): 876/887 kBProgress (1): 884/887 kBProgress (1): 887 kB                        Downloaded from central: https://repo.maven.apache.org/maven2/org/apache/sshd/sshd-core/2.7.0/sshd-core-2.7.0.jar (887 kB at 9.3 kB/s)
Downloading from central: https://repo.maven.apache.org/maven2/org/apache/sshd/sshd-common/2.7.0/sshd-common-2.7.0.jar
Progress (1): 8.2/911 kBProgress (1): 16/911 kB Progress (1): 24/911 kBProgress (1): 32/911 kBProgress (1): 40/911 kBProgress (1): 49/911 kBProgress (1): 57/911 kBProgress (1): 65/911 kBProgress (1): 73/911 kBProgress (1): 81/911 kBProgress (1): 90/911 kBProgress (1): 98/911 kBProgress (1): 106/911 kBProgress (1): 114/911 kBProgress (1): 122/911 kBProgress (1): 131/911 kBProgress (1): 139/911 kBProgress (1): 147/911 kBProgress (1): 155/911 kBProgress (1): 163/911 kBProgress (1): 171/911 kBProgress (1): 180/911 kBProgress (1): 188/911 kBProgress (1): 196/911 kBProgress (1): 204/911 kBProgress (1): 212/911 kBProgress (1): 221/911 kBProgress (1): 229/911 kBProgress (1): 237/911 kBProgress (1): 245/911 kBProgress (1): 253/911 kBProgress (1): 262/911 kBProgress (1): 270/911 kBProgress (1): 278/911 kBProgress (1): 286/911 kBProgress (1): 294/911 kBProgress (1): 303/911 kBProgress (1): 311/911 kBProgress (1): 319/911 kBProgress (1): 327/911 kBProgress (1): 335/911 kBProgress (1): 344/911 kBProgress (1): 352/911 kBProgress (1): 360/911 kBProgress (1): 368/911 kBProgress (1): 376/911 kBProgress (1): 384/911 kBProgress (1): 393/911 kBProgress (1): 401/911 kBProgress (1): 409/911 kBProgress (1): 417/911 kB                        Downloading from central: https://repo.maven.apache.org/maven2/io/projectreactor/reactor-test/3.2.11.RELEASE/reactor-test-3.2.11.RELEASE.jar
Progress (2): 417/911 kB | 4.1/102 kBProgress (2): 417/911 kB | 8.2/102 kBProgress (2): 417/911 kB | 12/102 kB Progress (2): 417/911 kB | 16/102 kBProgress (2): 417/911 kB | 20/102 kBProgress (2): 417/911 kB | 25/102 kBProgress (2): 417/911 kB | 29/102 kBProgress (2): 417/911 kB | 33/102 kBProgress (2): 417/911 kB | 37/102 kBProgress (2): 417/911 kB | 41/102 kBProgress (2): 417/911 kB | 45/102 kBProgress (2): 417/911 kB | 49/102 kBProgress (2): 417/911 kB | 53/102 kBProgress (2): 417/911 kB | 57/102 kBProgress (2): 417/911 kB | 61/102 kBProgress (2): 417/911 kB | 66/102 kBProgress (2): 417/911 kB | 70/102 kBProgress (2): 417/911 kB | 74/102 kBProgress (2): 417/911 kB | 78/102 kBProgress (2): 417/911 kB | 82/102 kBProgress (2): 417/911 kB | 86/102 kBProgress (2): 417/911 kB | 90/102 kBProgress (2): 417/911 kB | 94/102 kBProgress (2): 417/911 kB | 98/102 kBProgress (2): 417/911 kB | 102 kB   Progress (2): 425/911 kB | 102 kBProgress (2): 434/911 kB | 102 kB                                 Downloaded from central: https://repo.maven.apache.org/maven2/io/projectreactor/reactor-test/3.2.11.RELEASE/reactor-test-3.2.11.RELEASE.jar (102 kB at 776 B/s)
Progress (1): 442/911 kBProgress (1): 450/911 kBProgress (1): 458/911 kBProgress (1): 466/911 kBProgress (1): 475/911 kBProgress (1): 483/911 kBProgress (1): 491/911 kBProgress (1): 499/911 kBProgress (1): 507/911 kBProgress (1): 516/911 kBProgress (1): 524/911 kBProgress (1): 532/911 kBProgress (1): 540/911 kBProgress (1): 548/911 kBProgress (1): 557/911 kBProgress (1): 565/911 kBProgress (1): 573/911 kBProgress (1): 581/911 kBProgress (1): 589/911 kBProgress (1): 597/911 kBProgress (1): 606/911 kBProgress (1): 614/911 kBProgress (1): 622/911 kBProgress (1): 630/911 kBProgress (1): 638/911 kBProgress (1): 647/911 kBProgress (1): 655/911 kBProgress (1): 663/911 kBProgress (1): 671/911 kBProgress (1): 679/911 kBProgress (1): 688/911 kBProgress (1): 696/911 kBProgress (1): 704/911 kBProgress (1): 712/911 kBProgress (1): 720/911 kBProgress (1): 729/911 kBProgress (1): 737/911 kBProgress (1): 745/911 kBProgress (1): 753/911 kBProgress (1): 761/911 kBProgress (1): 769/911 kBProgress (1): 778/911 kBProgress (1): 786/911 kBProgress (1): 794/911 kBProgress (1): 802/911 kBProgress (1): 810/911 kBProgress (1): 819/911 kBProgress (1): 827/911 kBProgress (1): 835/911 kBProgress (1): 843/911 kBProgress (1): 851/911 kBProgress (1): 860/911 kBProgress (1): 868/911 kBProgress (1): 876/911 kBProgress (1): 884/911 kBProgress (1): 892/911 kBProgress (1): 901/911 kBProgress (1): 909/911 kBProgress (1): 911 kB                        Downloaded from central: https://repo.maven.apache.org/maven2/org/apache/sshd/sshd-common/2.7.0/sshd-common-2.7.0.jar (911 kB at 5.4 kB/s)
[[1;34mINFO[m] [1m------------------------------------------------------------------------[m
[[1;34mINFO[m] [1;31mBUILD FAILURE[m
[[1;34mINFO[m] [1m------------------------------------------------------------------------[m
[[1;34mINFO[m] Total time:  05:32 min
[[1;34mINFO[m] Finished at: 2023-02-25T22:51:51+08:00
[[1;34mINFO[m] [1m------------------------------------------------------------------------[m
[[1;31mERROR[m] Failed to execute goal on project [36mappsmith-git[m: [1;31mCould not resolve dependencies for project com.appsmith:appsmith-git:jar:1.0-SNAPSHOT: The following artifacts could not be resolved: com.jcraft:jzlib:jar:1.1.1, org.apache.sshd:sshd-osgi:jar:2.7.0, org.slf4j:jcl-over-slf4j:jar:1.7.36, org.apache.sshd:sshd-sftp:jar:2.7.0, com.appsmith:interfaces:jar:1.0-SNAPSHOT: Could not transfer artifact com.jcraft:jzlib:jar:1.1.1 from/to central (https://repo.maven.apache.org/maven2): transfer failed for https://repo.maven.apache.org/maven2/com/jcraft/jzlib/1.1.1/jzlib-1.1.1.jar[m: Connect to repo.maven.apache.org:443 [repo.maven.apache.org/151.101.108.215] failed: è¿žæŽ¥è¶…æ—¶ (Connection timed out) -> [1m[Help 1][m
[[1;31mERROR[m] 
[[1;31mERROR[m] To see the full stack trace of the errors, re-run Maven with the [1m-e[m switch.
[[1;31mERROR[m] Re-run Maven using the [1m-X[m switch to enable full debug logging.
[[1;31mERROR[m] 
[[1;31mERROR[m] For more information about the errors and possible solutions, please read the following articles:
[[1;31mERROR[m] [1m[Help 1][m http://cwiki.apache.org/confluence/display/MAVEN/DependencyResolutionException
[0m[0m